00:00:00.004047 main     VirtualBox XPCOM Server 6.1.32 r149290 linux.amd64 (Feb 10 2022 14:02:19) release log
00:00:00.004054 main     Log opened 2022-03-20T21:42:46.238139000Z
00:00:00.004055 main     Build Type: release
00:00:00.004061 main     OS Product: Linux
00:00:00.004062 main     OS Release: 5.16.15-arch1-1
00:00:00.004063 main     OS Version: #1 SMP PREEMPT Thu, 17 Mar 2022 00:30:09 +0000
00:00:00.004136 main     DMI Product Name: 20F5S4BX1C
00:00:00.004153 main     DMI Product Version: ThinkPad X260
00:00:00.004161 main     Firmware type: UEFI
00:00:00.004805 main     Secure Boot: Disabled
00:00:00.004880 main     Host RAM: 7805MB (7.6GB) total, 5950MB (5.8GB) available
00:00:00.004885 main     Executable: /usr/lib/virtualbox/VBoxSVC
00:00:00.004886 main     Process ID: 36114
00:00:00.004886 main     Package type: LINUX_64BITS_GENERIC (OSE)
00:00:00.007380 main     IPC socket path: /tmp/.vbox-ozi-ipc/ipcd
00:00:00.119951 nspr-2   VirtualBox: object creation starts
00:00:00.120136 nspr-2   Home directory: '/home/ozi/.config/VirtualBox'
00:00:00.121057 nspr-2   Loading settings file "/home/ozi/.config/VirtualBox/VirtualBox.xml" with version "1.12-linux"
00:00:00.129061 nspr-2   Successfully initialised host USB using sysfs
00:00:00.138505 nspr-2   Failed to retrive disk info: getDiskName(/dev/mapper/volume-root) --> volume-root
00:00:00.157084 nspr-2   NetIfAdpCtlOut: VBoxNetAdpCtl: Error while retrieving link speed for wlp4s0: VBoxNetAdpCtl: ioctl failed: Operation not supported
00:00:00.158780 nspr-2   HostDnsMonitor: initializing
00:00:00.159043 nspr-2   NAT: resolv.conf: nameserver 118.98.115.69
00:00:00.159058 nspr-2   NAT: resolv.conf: nameserver 118.98.115.78
00:00:00.159063 nspr-2   NAT: resolv.conf: nameserver 2001:4489:11a:101::2
00:00:00.159067 nspr-2   NAT: resolv.conf: too many nameserver lines, ignoring 2001:4489:118:101::2
00:00:00.159078 nspr-2   HostDnsMonitor: updating information
00:00:00.159096 nspr-2   HostDnsMonitor: old information
00:00:00.159099 nspr-2     no server entries
00:00:00.159102 nspr-2     no domain set
00:00:00.159104 nspr-2     no search string entries
00:00:00.159106 nspr-2   HostDnsMonitor: new information
00:00:00.159109 nspr-2     server 1: 118.98.115.69
00:00:00.159112 nspr-2     server 2: 118.98.115.78
00:00:00.159114 nspr-2     server 3: 2001:4489:11a:101::2
00:00:00.159118 nspr-2     domain: arch.machine
00:00:00.159121 nspr-2     search string 1: arch.machine
00:00:00.171293 nspr-2   VD: VDInit finished with VINF_SUCCESS
00:00:00.180503 nspr-2   Loading settings file "/home/ozi/VirtualBox VMs/ubuntu/ubuntu.vbox" with version "1.16-linux"
00:00:00.181406 nspr-2   VirtualBox: object created
00:00:04.097836 nspr-2   Launched VM: 2080383120 pid: 36155 (0x8d3b) frontend: GUI/Qt name: ubuntu
00:00:05.676987 nspr-4   ERROR [COM]: aRC=VBOX_E_OBJECT_NOT_FOUND (0x80bb0001) aIID={70401eef-c8e9-466b-9660-45cb3e9979e4} aComponent={ExtPackManagerWrap} aText={No extension pack by the name 'Oracle VM VirtualBox Extension Pack' was found}, preserve=false aResultDetail=0
00:00:05.819297 nspr-6   ERROR [COM]: aRC=VBOX_E_IPRT_ERROR (0x80bb0005) aIID={85632c68-b5bb-4316-a900-5eb28d3413df} aComponent={SessionMachine} aText={Saved screenshot data is not available (VERR_NOT_SUPPORTED)}, preserve=false aResultDetail=-37
00:00:05.906943 nspr-6   NetIfAdpCtlOut: VBoxNetAdpCtl: Error while retrieving link speed for wlp4s0: VBoxNetAdpCtl: ioctl failed: Operation not supported
00:00:16.750794 nspr-4   Saving settings file "/home/ozi/VirtualBox VMs/ubuntu/ubuntu.vbox" with version "1.16-linux"
00:00:17.673310 nspr-4   Saving settings file "/home/ozi/.config/VirtualBox/VirtualBox.xml" with version "1.12-linux"
00:00:17.688399 nspr-4   Saving settings file "/home/ozi/.config/VirtualBox/VirtualBox.xml" with version "1.12-linux"
00:00:17.740489 nspr-6   Saving settings file "/home/ozi/.config/VirtualBox/VirtualBox.xml" with version "1.12-linux"
00:00:17.746330 nspr-4   Saving settings file "/home/ozi/.config/VirtualBox/VirtualBox.xml" with version "1.12-linux"
00:00:18.105787 nspr-5   Saving settings file "/home/ozi/VirtualBox VMs/ubuntu/ubuntu.vbox" with version "1.16-linux"
00:00:18.144512 nspr-6   Saving settings file "/home/ozi/VirtualBox VMs/ubuntu/ubuntu.vbox" with version "1.16-linux"
00:00:18.262420 nspr-5   Saving settings file "/home/ozi/VirtualBox VMs/ubuntu/ubuntu.vbox" with version "1.16-linux"
00:00:55.619685 nspr-6   Saving settings file "/home/ozi/VirtualBox VMs/ubuntu/ubuntu.vbox" with version "1.16-linux"
00:00:55.698254 nspr-7   ERROR [COM]: aRC=VBOX_E_IPRT_ERROR (0x80bb0005) aIID={85632c68-b5bb-4316-a900-5eb28d3413df} aComponent={SessionMachine} aText={Saved screenshot data is not available (VERR_NOT_SUPPORTED)}, preserve=false aResultDetail=-37
00:01:00.620648 nspr-4   ERROR [COM]: aRC=VBOX_E_IPRT_ERROR (0x80bb0005) aIID={85632c68-b5bb-4316-a900-5eb28d3413df} aComponent={SessionMachine} aText={Saved screenshot data is not available (VERR_NOT_SUPPORTED)}, preserve=false aResultDetail=-37
00:01:00.745037 nspr-2   Saving settings file "/home/ozi/VirtualBox VMs/ubuntu/ubuntu.vbox" with version "1.16-linux"
00:01:00.935568 nspr-3   Saving settings file "/home/ozi/VirtualBox VMs/ubuntu/ubuntu.vbox" with version "1.16-linux"
00:01:01.130159 nspr-3   Saving settings file "/home/ozi/VirtualBox VMs/ubuntu/ubuntu.vbox" with version "1.16-linux"
00:01:09.171349 nspr-2   Saving settings file "/home/ozi/VirtualBox VMs/ubuntu/ubuntu.vbox" with version "1.16-linux"
00:01:09.247696 nspr-4   ERROR [COM]: aRC=VBOX_E_IPRT_ERROR (0x80bb0005) aIID={85632c68-b5bb-4316-a900-5eb28d3413df} aComponent={SessionMachine} aText={Saved screenshot data is not available (VERR_NOT_SUPPORTED)}, preserve=false aResultDetail=-37
00:01:12.638875 nspr-5   ERROR [COM]: aRC=VBOX_E_IPRT_ERROR (0x80bb0005) aIID={85632c68-b5bb-4316-a900-5eb28d3413df} aComponent={SessionMachine} aText={Saved screenshot data is not available (VERR_NOT_SUPPORTED)}, preserve=false aResultDetail=-37
00:01:12.968908 nspr-2   Saving settings file "/home/ozi/VirtualBox VMs/ubuntu/ubuntu.vbox" with version "1.16-linux"
00:01:13.466710 nspr-6   Saving settings file "/home/ozi/VirtualBox VMs/ubuntu/ubuntu.vbox" with version "1.16-linux"
00:20:17.647296 nspr-6   Saving settings file "/home/ozi/VirtualBox VMs/ubuntu/ubuntu.vbox" with version "1.16-linux"
00:20:18.914345 nspr-7   Saving settings file "/home/ozi/VirtualBox VMs/ubuntu/ubuntu.vbox" with version "1.16-linux"
00:20:23.564807 nspr-2   Saving settings file "/home/ozi/VirtualBox VMs/ubuntu/ubuntu.vbox" with version "1.16-linux"
00:20:23.576506 nspr-4   Saving settings file "/home/ozi/VirtualBox VMs/ubuntu/ubuntu.vbox" with version "1.16-linux"
00:20:24.427532 nspr-5   Saving settings file "/home/ozi/VirtualBox VMs/ubuntu/ubuntu.vbox" with version "1.16-linux"
00:20:24.450123 nspr-3   Saving settings file "/home/ozi/VirtualBox VMs/ubuntu/ubuntu.vbox" with version "1.16-linux"
00:20:29.972432 main     VirtualBox: object deletion starts
00:20:29.972602 main     ERROR [COM]: aRC=VBOX_E_OBJECT_IN_USE (0x80bb000c) aIID={ad47ad09-787b-44ab-b343-a082a3f2dfb1} aComponent={MediumWrap} aText={Medium '/home/ozi/VirtualBox VMs/ubuntu/ubuntu.vdi' cannot be closed because it is still attached to 1 virtual machines}, preserve=false aResultDetail=0
00:20:29.974149 main     HostDnsMonitor: shutting down ...
00:20:29.981290 main     HostDnsMonitor: shut down
00:20:30.436702 Watcher  ERROR [COM]: aRC=E_ACCESSDENIED (0x80070005) aIID={d0a0163f-e254-4e5b-a1f2-011cf991c38d} aComponent={VirtualBoxWrap} aText={The object is not ready}, preserve=false aResultDetail=0
00:20:34.988090 main     {00007fe480018ba0} HostPowerServiceLinux::~HostPowerServiceLinux: RTThreadWait() for 5000 ms failed with VERR_TIMEOUT
00:20:34.988837 main     VirtualBox: object deleted
